[   0.0000] Initializing cgroup subsys cpuset
[  0.000000] Initializing cgroup subsys cpu
[    0.000000] Initializing cgroup subsys cpuacct
[  0.000000] Linux version 4.4.0-142-generic (buildd@lgw01-amd64-033) (gcc version 5.4.0 20160609 (Ubuntu 5.4.0-6ubuntu1~16.04.10) ) #168-Ubuntu SMP Wed Jan 16 21:00:45 UTC 2019 (Ubuntu 4.4.0-142.168-generic 4.4.167)
[   0.00000] Command line: BOOT_IMAGE=/boot/vmlinuz-4.4.0-142-generic root=LABEL=cloudimg-rootfs ro console=tty1 console=ttyS0
[    0.000000] KERNEL supported cpus:
[    0.000000]   Intel GenuineIntel
  0.0000   AD uthntcAMD
[    0.000000]   Centaur CentaurHauls
[   .0000] x86/fpu: xstate_offset[2]:  576, xstate_sizes[2]:  256
[    0.000000] x86/fpu: Supporting XSAVE feature 0x1: '87 floaing oint registers'
[   0.0000] 86/fpu: upporin XSAVE feature 0x02: 'SSE registers'
[  0.000] x86pu  SuortingXSVE fate 0x: AV rgiters
    0.0000] 86fpu: Enabled xstate features 0x7, context size is 832 bytes, using 'standard' format.
[  0.00000] 82: IO-povided physical RAM map:
[    0.000000] BIOS-e80:[meem 0x0000000000000000-0x000000000009fbff] usable
[   00000]BIOS-e8: [mem 0x000000000009fc00-0x000000000009ffff] rseve
[    .00000] BIOS-e820: [mem 0x00000000000f0000-0x00000000000fffff] reserved
[  0.000000] BIOS-e820: [mem 0x0000000000100000-0x00000000dffeffff] usable
[    0.000000] BIOS-e820: [mem 0x00000000dfff0000-0x00000000dfffffff] ACPI data
[  0.000000]BIS-e0: [me 00000000fec00000-0x00000000fec00fff] reserved
[    0.000000] BIOS-e820: [mem 0x00000000fee00000-0x00000000fee00fff] reserved
[    0.000000] BIOS-e820: [mem 0x00000000fffc0000x000000ffffff] esrved
[    .00000 BOSe8: [mem 0x000000100000000x000000011fffff] uabe
[   0.0000]NX (xeut Disale proction: active
[  0.00000 SMBIS .5prset.
[   .000000] Hypervisordeected:KVM
[   000000 e20: last_fn= 0x12000 ma_ah_pfn  040000000[    00000MTR: Diabed
[   .00000 x8PA: MTRsisable skippig ATinitialization too.
[    0.000000] CPU MTRRs all blank - virtualized system.
[  00000]x86/AT Confiurtion [-7: WB WTUC- C B  W  C- UC 
    00000] 82: last_pfn = 0xff0 m_ach_pfn = 0x400000000
[    .0000]fond P P-table at [mem 0x0009fff0-0x0009ffff] mappe at [ffff88000009fff0]
[    0.000000] Scanning 1 areas for low memory corrupion
[  0.0000] RMDK: [mem 0x3306000-0x3717afff]
   0.000000] ACPI: Early table checksum verification disabled
[    0.000000] ACPI: RSDPx00000000E0000 000024 (v02 VBOX  )
[    0.000000] ACPI: XSDT 0x00000000DFFF0030 00003C (v01 VBOX   VBOXXSDT 00000001 ASL  00000061)
[   .000] ACP: CP 0x000000DFF0F0 000F4(v04 VBOX   VBOXFACP 00000001 ASL  0000001)
[  0.000000] ACPI: DSDT 0x00000000DFFF0470 0021FF (v02 VBOX   VBOXBIOS 00000002 INTL 20100528)
[    0.000000] ACPI: FACS 0x00000000DFFF0200 000040
[    0.000000] ACPI: FACS 0x00000000DFFF0200 000040
[    0.00000] ACPI: APIC 0x00000000DFFF0240 00005C (v02 VBOX   VBOXAPIC 00000001 ASL  00000061)
[  00000000] ACPI: SSDT 0x00000000DFFF02A0 0001CC (v01 VBOX   VBOXCPUT 00000002 INTL 20100528)
[   0.00000 N NU confgurtion und
[  0000000]Faing a od a [em 0x00000000000-0x000000011fffffff]
[    0.0000 NDE_DATA0)alloatd [mem 0x11fff7000-0x11fffbfff]
[    0.000000] kvm-clock: Using msrs 4b564d01 and 4b564d00
[    0.000000] kvm-clock cu 0, ms 1:1fef01 pmary cpu coc
[    0.000000] kvm-clock: using sched offset of 3838449245 cycles
[   0.000000] clocksource: kvm-clock: mask: 0xffffffffffffffff max_cycles: 0x1cd42e4dffb, max_idle_ns: 8815905948 ns
[    0.000000] Zone ranges:
[    0.000000]   DMA      [mem 0x0000000000001000-0x0000000000ffffff]
  0.0000]   DM32   [em x00000010000-x00000fffffff]
[   000000] Normal   me 0x0000000000000-x000000fffffff
[    0.000000  Devce  empt
    0.0000 Movblzone start for each nde
[   0.00000 Erl mmory ndeanges[   0.00000]  node  : [mem 0x0000000000001000-0x000000000009efff]
[  000000]  nde 0: me 0x000000001000000x0000000dffefff
[    0.0000]   nde 0: me 0x00000000000-0x000000011fffffff]
[    0.000000] Initmem setup node 0 [mem 0x0000000000001000-0x000000011fffffff]
[    0.000000] ACPI: PM-Timer IO Port: 0x4008
[    0.000000] IOAPIC[0]: apic_id 2, version 32, address 0xfec00000, GSI 0-23
[   0.0000] PI INSR_OVR (bus 0 bus_irq 0 global_irq 2 dfl dfl)
[    0.000000] ACPI: INT_SRC_OVR (bus 0 bus_irq 9 global_irq 9 low level)
[    0.000000] Using ACPI (MADT) for SMP configuration informati
[   .0000 smpboot: Allowing 2 CPUs, 0 hotplug CPUs
[    0.000000] PM: Registered nosave memory: [mem 0x00000000-0x00000fff]
[    0.000000] PM: Registered nosave memory: [mem 0x0009f000-0x0009ffff]
[    0.000000] PM: Registered nosave memory: [mem 0x000a0000-0x000effff]
[    0.000000] PM: Registered nosave memory: [mem 0x000f0000-0x000fffff]
[    0.000000] PM: Registered nosave memory: [mem 0xdfff0000-0xdfffffff]
[    0.000000] PM: Registered nosave memory: [mem 0xe0000000-0xfebfffff]
[    0.000000] PM: Registered nosave memory: [mem 0xfec00000-0xfec00fff]
[    0.000000] PM: Registered nosave memory: [mem 0xfec01000-0xfedfffff]
[  0.000000] PM: Registered nosave memory: [mem 0xf0000-fe00fff]
[    0.000000] PM: Registered nosave memory: [mem 0xfee01000-0xfffbffff]
[    0.000000] PM: Registered nosave memory: [mem 0xfffc0000-0xffffffff]
[    0.000000] e820: [mem 0xe0000000-0xfebfffff] available for PCI devices
[    0.000000] Booting paravirtualized kernel on KVM
[    0.000000] clocksource: refined-jiffies: mask: 0xffffffff max_cycles: 0xffffffff, max_idle_ns: 7645519600211568 ns
[    0.000000] setup_percpu: NR_CPUS:512 nr_cpumask_bits:512 nr_cpu_ids:2 nr_node_ids:1
[    0.000000] PERCPU: Embedded 34 pages/cu fff881fc00000 s99480 r8192 d31592 u1048576
[    0.000000] Built 1 zonelists in Node order, mbility grouping on.  Total pages: 1032056
[    0.000000] Policy zone: Normal
[    0.000000] Kernel command line: BOOT_IMAGE=/boot/vmlinuz-4.4.0-142-generic root=LABEL=cloudimg-rootfs ro console=tty1 console=ttyS0
[    0.000000] PID hash table entries: 4096 (order: 3, 32768 bytes)
[    00000] Memory: 4028240K/4193848K available (8603K kernecoe, 1332K rwdata, 4004K rodata, 1484K init, 1316K bss, 165608K reserved, 0K cma-reserved)
[  0.00000]SLB:HWli=64, rdr=0-3, MinObjects, CPUs=2, Nodes=1
[  0.0000 Kernel/User page tables islation: enabled
[    0.000000] Hierarchical RCU implementation.
[    0.000000] 	Build-time adjustment of leaf fanout to 64.
[    0.000000] 	RCU restricting CPUs from NR_CPUS=512 to nr_cpu_ids=2.
[    0.000000] RCU: Adjusting geometry for rcu_fanout_leaf=64, nr_cpu_ids=2
[    0.000000] NR_IRQS:33024 nr_irqs:440 16
[    0.000000] Console: colour VGA+ 80x25
[    0.000000] console [tty1] enabled
[    0.000000] console [ttyS0] enabled
[    0.000000] tsc: Detected 2294.770 MHz processor
[   12.244894] Calibrating delay loop (skipped) preset value.. 4589.54 BogoMIPS (lpj=9179080)
[   12.289864] pid_max: default: 32768 minimum: 301
[   12.300267] ACPI: Core revision 20150930
[   12.316583] ACPI: 2 ACPI AML tables successfully acquired and loaded
[   12.398270] Security Framework initialized
[   12.402058] Yama: becoming mindful.
[   12.404127] AppArmor: AppArmor initialized
[   12.410110] Dentry cache hash table entries: 524288 (order: 10, 4194304 bytes)
[   12.424677] Inode-cache hash table entries: 262144 (order: 9, 2097152 bytes)
[   12.439866] Mount-cache hash table entries: 8192 (order: 4, 65536 bytes)
[   12.448190] Mountpoint-cache hash table entries: 8192 (order: 4, 65536 bytes)
[   12.475642] Initializing cgroup subsys io
[   12.488770] Initializing cgroup subsys memory
[   12.505859] Initializing cgroup subsys devices
[   12.511283] Initializing cgroup subsys freezer
[   12.517462] Initializing cgroup subsys net_cls
[   12.530153] Initializing cgroup subsys perf_event
[   12.536418] Initializing cgroup subsys net_prio
[   12.542912] Initializing cgroup subsys hugetlb
[   12.557149] Initializing cgroup subsys pids
[   12.561445] mce: CPU supports 0 MCE banks
[   12.563145] Last level iTLB entries: 4KB 512, 2MB 8, 4MB 8
[   12.585059] Last level dTLB entries: 4KB 512, 2MB 32, 4MB 32, 1GB 0
[   12.610309] Spectre V2 : Mitigation: Full generic retpoline
[   12.612898] Spectre V2 : Spectre v2 / SpectreRSB mitigation: Filling RSB on context switch
[   12.618815] Speculative Store Bypass: Vulnerable
[   12.651052] Freeing SMP alternatives memory: 32K
[   12.722453] ftrace: allocating 32277 entries in 127 pages
[   12.806185] smpboot: APIC(0) Converting physical 0 to logical package 0
[   12.832139] smpboot: Max logical packages: 1
[   12.842802] x2apic enabled
[   12.873954] Switched APIC routing to physical x2apic.
[   12.886986] ..TIMER: vector=0x30 apic1=0 pin1=2 apic2=-1 pin2=-1
[  13.004539] smpboot: CPU0: Intel(R) Core(TM) i5-2415M CPU @ 2.30GHz (family: 0x6, model: 0x2a, stepping: 0x7)
[   13.086071] Performance Events: unsupported p6 CPU model 42 no PMU driver, software events only.
[   13.129627] KVM setup paravirtual spinlock
[   13.149430] x86: Booting SMP configuration:
[   13.157687] .... node  #0, CPUs:      #1
[   13.176335] kvm-clock: cpu 1, msr 1:1ffef041, secondary cpu clock
[   13.183534] mce: CPU supports 0 MCE banks
[   13.187338] x86: Booted up 1 node, 2 CPUs
[   13.196212] smpboot: Total of 2 processors activated (9179.08 BogoMIPS)
[   13.200212] devtmpfs: initialized
[   13.211703] evm: security.selinux
[   13.218449] evm: security.SMACK64
[   13.225603] evm: security.SMACK64EXEC
[   13.232737] evm: security.SMACK64TRANSMUTE
[   13.239848] evm: security.SMACK64MMAP
[   13.246729] evm: security.ima
[   13.256407] evm: security.capability
[   13.270123] clocksource: jiffies: mask: 0xffffffff max_cycles: 0xffffffff, max_idle_ns: 7645041785100000 ns
[   13.278675] futex hash table entries: 512 (order: 3, 32768 bytes)
[   13.281200] pinctrl core: initialized pinctrl subsystem
[   13.308776] RTC time: 13:50:58, date: 04/19/19
[   13.316391] NET: Registered protocol family 16
[   13.339070] cpuidle: using governor ladder
[   13.355187] cpuidle: using governor menu
[   13.364964] PCCT header not found.
[   13.372849] ACPI: bus type PCI registered
[   13.388759] acpiphp: ACPI Hot Plug PCI Controller Driver version: 0.5
[   13.409199] PCI: Using configuration type 1 for base access
[   13.439913] ACPI: Added _OSI(Module Device)
[   13.494455] ACPI: Added _OSI(Processor Device)
[   13.507486] ACPI: Added _OSI(3.0 _SCP Extensions)
[   13.519003] ACPI: Added _OSI(Processor Aggregator Device)
[   13.551000] ACPI: Executed 1 blocks of module-level executable AML code
[   13.572805] ACPI: Interpreter enabled
[   13.591213] ACPI: (supports S0 S5)
[   13.618923] ACPI: Using IOAPIC for interrupt routing
[   13.647344] PCI: Using host bridge windows from ACPI; if necessary, use "pci=nocrs" and report a bug
[   13.717598] ACPI: PCI Root Bridge [PCI0] (domain 0000 [bus 00-ff])
[   13.732697] acpi PNP0A03:00: _OSC: OS supports [ASPM ClockPM Segments MSI]
[   13.749236] acpi PNP0A03:00: _OSC: not requesting OS control; OS requires [ExtendedConfig ASPM ClockPM MSI]
[   13.758449] acpi PNP0A03:00: fail to add MMCONFIG information, can't access extended PCI configuration space under this bridge.
[   13.768937] PCI host bridge to bus 0000:00
[   13.781723] pci_bus 0000:00: root bus resource [io  0x0000-0x0cf7 window]
[   13.784258] pci_bus 0000:00: root bus resource [io  0x0d00-0xffff window]
[   13.786746] pci_bus 0000:00: root bus resource [mem 0x000a0000-0x000bffff window]
[   13.810849] pci_bus 0000:00: root bus resource [mem 0xe0000000-0xfdffffff window]
[   13.840767] pci_bus 0000:00: root bus resource [bus 00-ff]
[   13.853116] pci 0000:00:01.1: legacy IDE quirk: reg 0x10: [io  0x01f0-0x01f7]
[   13.862682] pci 0000:00:01.1: legacy IDE quirk: reg 0x14: [io  0x03f6]
[   13.877820] pci 0000:00:01.1: legacy IDE quirk: reg 0x18: [io  0x0170-0x0177]
[   13.914744] pci 0000:00:01.1: legacy IDE quirk: reg 0x1c: [io  0x0376]
[   13.992991] pci 0000:00:07.0: quirk: [io  0x4000-0x403f] claimed by PIIX4 ACPI
[   14.007278] pci 0000:00:07.0: quirk: [io  0x4100-0x410f] claimed by PIIX4 SMB
[   14.058060] ACPI: PCI Interrupt Link [LNKA] (IRQs 5 9 10 *11)
[   14.084828] ACPI: PCI Interrupt Link [LNKB] (IRQs 5 9 *10 11)
[   14.102369] ACPI: PCI Interrupt Link [LNKC] (IRQs 5 *9 10 11)
[   14.120315] ACPI: PCI Interrupt Link [LNKD] (IRQs 5 9 10 *11)
[   14.143723] ACPI: Enabled 2 GPEs in block 00 to 07
[   14.164308] vgaarb: setting as boot device: PCI:0000:00:02.0
[   14.173665] vgaarb: device added: PCI:0000:00:02.0,decodes=io+mem,owns=io+mem,locks=none
[   14.177961] vgaarb: loaded
[   14.179179] vgaarb: bridge control possible 0000:00:02.0
[   14.209300] SCSI subsystem initialized
[   14.222130] ACPI: bus type USB registered
[   14.227457] usbcore: registered new interface driver usbfs
[   14.243412] usbcore: registered new interface driver hub
[   14.252163] usbcore: registered new device driver usb
[   14.261583] PCI: Using ACPI for IRQ routing
[   14.276359] NetLabel: Initializing
[   14.283329] NetLabel:  domain hash size = 128
[   14.304892] NetLabel:  protocols = UNLABELED CIPSOv4
[   14.335120] NetLabel:  unlabeled traffic allowed by default
[   14.343081] amd_nb: Cannot enumerate AMD northbridges
[   14.347221] clocksource: Switched to clocksource kvm-clock
[   4.63] pAor AArorFiesteEnbl
  5.0625 p: P CPin
  5.222] p:nPCP fnd3 evices
[   16.075467] clocksource: acpi_pm: mask: 0xffffff max_cycles: 0xffffff, max_idle_ns: 2085701024 ns
[   16.079124] NET: Registered protocol family 2
[   16.085105] TCP established hash table entries: 32768 (order: 6, 262144 bytes)
[   16.125887] TCP bind hash table entries: 32768 (order: 7, 524288 bytes)
[   16.184691] TCP: Hash tables configured (established 32768 bind 32768)
[   16.202744] UDP hash table entries: 2048 (order: 4, 65536 bytes)
[   16.255537] UDP-Lite hash table entries: 2048 (order: 4, 65536 bytes)
[   16.302696] NET: Registered protocol family 1
[   16.346898] pci 0000:00:00.0: Limiting direct PCI/PCI transfers
[   16.375690] pci 0000:00:01.0: Activating ISA DMA hang workarounds
[   16.403813] Unpacking initramfs...
[   16.733564] Freeing initrd memory: 14804K
[   16.745380] PCI-DMA: Using software bounce buffering for IO (SWIOTLB)
[   16.830315] software IO TLB [mem 0xdbff0000-0xdfff0000] (64MB) mapped at [ffff8800dbff0000-ffff8800dffeffff]
[   16.834988] RAPL PMU detected, API unit is 2^-32 Joules, 3 fixed counters 10737418240 ms ovfl timer
[   16.858435] hw unit of domain pp0-core 2^-0 Joules
[   16.872438] hw unit of domain package 2^-0 Joules
[   16.875932] hw unit of domain pp1-gpu 2^-0 Joules
[   16.887591] platform rtc_cmos: registered platform RTC device (no PNP device found)
[   16.891470] Scanning for low memory corruption every 60 seconds
[   16.895047] audit: initializing netlink subsys (disabled)
[   16.906288] audit: type=2000 audit(1555681853.742:1): initialized
[   16.926712] Initialise system trusted keyring
[   16.939512] HugeTLB registered 2 MB page size, pre-allocated 0 pages
[   16.960746] zbud: loaded
[   16.975798] VFS: Disk quotas dquot_6.6.0
[   16.992496] VFS: Dquot-cache hash table entries: 512 (order 0, 4096 bytes)
[   17.023042] squashfs: version 4.0 (2009/01/31) Phillip Lougher
[   17.039213] fuse init (API version 7.23)
[   17.070158] Key type big_key registered
[   17.081450] Allocating IMA MOK and blacklist keyrings.
[   17.103930] Key type asymmetric registered
[   17.117035] Asymmetric key parser 'x509' registered
[   17.128020] Block layer SCSI generic (bsg) driver version 0.4 loaded (major 249)
[   17.149841] io scheduler noop registered
[   17.157932] io scheduler deadline registered (default)
[   17.172676] io scheduler cfq registered
[   17.204987] pci_hotplug: PCI Hot Plug PCI Core version: 0.5
[   17.233027] pciehp: PCI Express Hot Plug Controller Driver version: 0.4
[   17.256732] ACPI: AC Adapter [AC] (on-line)
[   17.283648] input: Power Button as /devices/LNXSYSTM:00/LNXPWRBN:00/input/input0
[   17.311962] ACPI: Power Button [PWRF]
[   17.313602] input: Sleep Button as /devices/LNXSYSTM:00/LNXSLPBN:00/input/input1
[   17.326908] ACPI: Sleep Button [SLPF]
[   17.345233] GHES: HEST is not enabled!
[   17.346761] ACPI: Battery Slot [BAT0] (battery present)
[   17.395598] Serial: 8250/16550 driver, 32 ports, IRQ sharing enabled
[ 1743460002tt0  IO 0x3f8 (irq = 4, base_baud = 115200) is a 16550A
[ 17875]sc RefneTS cockurc calibration: 2293.326 MHz
[   17.887421] clocksource: tsc: mask: 0xffffffffffffffff max_cycles: 0x210e9485b60, max_idle_ns: 440795287514 ns
[   18.463536] Linux agpgart interface v0.103
[   18.474857] loop: module loaded
[   18.495448] scsi host0: ata_piix
[   18.524220] scsi host1: ata_piix
[   18.530060] ata1: PATA max UDMA/33 cmd 0x1f0 ctl 0x3f6 bmdma 0xd000 irq 14
[   18.534963] ata2: PATA max UDMA/33 cmd 0x170 ctl 0x376 bmdma 0xd008 irq 15
[   18.551884] libphy: Fixed MDIO Bus: probed
[   18.558254] tun: Universal TUN/TAP device driver, 1.6
[   18.560804] tun: (C) 1999-2004 Max Krasnyansky <maxk@qualcomm.com>
[   18.564063] PPP generic driver version 2.4.2
[   18.566344] ehci_hcd: USB 2.0 'Enhanced' Host Controller (EHCI) Driver
[   18.569574] ehci-pci: EHCI PCI platform driver
[   18.572965] ehci-platform: EHCI generic platform driver
[   18.575567] ohci_hcd: USB 1.1 'Open' Host Controller (OHCI) Driver
[   18.578650] ohci-pci: OHCI PCI platform driver
[   18.581104] ohci-platform: OHCI generic platform driver
[   18.583779] uhci_hcd: USB Universal Host Controller Interface driver
[   18.586933] i8042: PNP: PS/2 Controller [PNP0303:PS2K,PNP0f03:PS2M] at 0x60,0x64 irq 1,12
[   18.595059] serio: i8042 KBD port at 0x60,0x64 irq 1
[   18.605090] serio: i8042 AUX port at 0x60,0x64 irq 12
[   18.660830] mousedev: PS/2 mouse device common for all mice
[   18.705375] rtc_cmos rtc_cmos: rtc core: registered rtc_cmos as rtc0
[   18.716257] rtc_cmos rtc_cmos: alarms up to one day, 114 bytes nvram
[   18.735594] input: AT Translated Set 2 keyboard as /devices/platform/i8042/serio0/input/input2
[   18.773514] i2c /dev entries driver
[   18.812170] device-mapper: uevent: version 1.0.3
[   18.815284] device-mapper: ioctl: 4.34.0-ioctl (2015-10-28) initialised: dm-devel@redhat.com
[   18.855864] ledtrig-cpu: registered to indicate activity on CPUs
[   18.877374] NET: Registered protocol family 10
[   18.898740] NET: Registered protocol family 17
[   18.926221] Key type dns_resolver registered
[   18.972138] registered taskstats version 1
[   18.985850] Loading compiled-in X.509 certificates
[   18.988544] Loaded X.509 cert 'Build time autogenerated kernel key: bff73e56bc0efa7435b2a24f5427674623f1be80'
[   19.000153] zswap: loaded using pool lzo/zbud
[   19.030102] Key type trusted registered
[   19.081175] Key type encrypted registered
[   19.095238] AppArmor: AppArmor sha1 policy hashing enabled
[   19.105405] ima: No TPM chip found, activating TPM-bypass!
[   19.144350] ima: Allocated hash algorithm: sha1
[   19.164626] evm: HMAC attrs: 0x1
[   19.183748]   Magic number: 15:580:837
[   19.194972] rtc_cmos rtc_cmos: setting system clock to 2019-04-19 13:51:04 UTC (1555681864)
[   19.206267] BIOS EDD facility v0.16 2004-Jun-25, 0 devices found
[   19.226215] EDD information not available.
[   19.246039] Freeing unused kernel memory: 1484K
[   19.287563] Write protecting the kernel read-only data: 14336k
[   19.326504] Freeing unused kernel memory: 1624K
[   19.367617] Freeing unused kernel memory: 92K
Loading, please wait...
starting version[   19.428505] random: systemd-udevd: uninitialized urandom read (16 bytes read, 3 bits of entropy available)
 229
[   19.430662] random: udevadm: uninitialized urandom read (16 bytes read, 3 bits of entropy available)
[   19.430711] random: udevadm: uninitialized urandom read (16 bytes read, 3 bits of entropy available)
[   19.476057] random: udevadm: uninitialized urandom read (16 bytes read, 3 bits of entropy available)
[   19.476208] random: udevadm: uninitialized urandom read (16 bytes read, 3 bits of entropy available)
[   19.476842] random: udevadm: uninitialized urandom read (16 bytes read, 3 bits of entropy available)
[   19.476996] random: udevadm: uninitialized urandom read (16 bytes read, 3 bits of entropy available)
[   19.477151] random: udevadm: uninitialized urandom read (16 bytes read, 3 bits of entropy available)
[   19.477324] random: udevadm: uninitialized urandom read (16 bytes read, 3 bits of entropy available)
[   19.477525] random: udevadm: uninitialized urandom read (16 bytes read, 3 bits of entropy available)
[   19.640182] e1000: Intel(R) PRO/1000 Network Driver - version 7.3.21-k8-NAPI
[   19.654513] e1000: Copyright (c) 1999-2006 Intel Corporation.
[   19.675649] Fusion MPT base driver 3.04.20
[   19.697413] Copyright (c) 1999-2008 LSI Corporation
[   19.718590] AVX version of gcm_enc/dec engaged.
[   19.725690] AES CTR mode by8 optimization enabled
[   19.767904] Fusion MPT SPI Host driver 3.04.20
[   19.940039] input: ImExPS/2 Generic Explorer Mouse as /devices/platform/i8042/serio1/input/input4
[   20.181313] e1000 0000:00:03.0 eth0: (PCI:33MHz:32-bit) 02:82:01:2e:28:d8
[   21.435470] e1000 0000:00:03.0 eth0: Intel(R) PRO/1000 Network Connection
[   21.456637] mptbase: ioc0: Initiating bringup
[   21.457564] e1000 0000:00:03.0 enp0s3: renamed from eth0
[   21.587940] ioc0: LSI53C1030 A0: Capabilities={Initiator}
[   21.772413] scsi host2: ioc0: LSI53C1030 A0, FwRev=00000000h, Ports=1, MaxQ=256, IRQ=20
[   21.956769] scsi 2:0:0:0: Direct-Access     VBOX     HARDDISK         1.0  PQ: 0 ANSI: 5
[   22.450610] scsi target2:0:0: Beginning Domain Validation
[   22.467382] scsi target2:0:0: Domain Validation skipping write tests
[   22.486155] scsi target2:0:0: Ending Domain Validation
[   22.522397] scsi target2:0:0: asynchronous
[   22.566195] scsi 2:0:1:0: Direct-Access     VBOX     HARDDISK         1.0  PQ: 0 ANSI: 5
[   22.570743] scsi target2:0:1: Beginning Domain Validation
[   23.157674] scsi target2:0:1: Domain Validation skipping write tests
[   23.445035] scsi target2:0:1: Ending Domain Validation
[   23.472962] scsi target2:0:1: asynchronous
[   23.517981] sd 2:0:0:0: [sda] 20971520 512-byte logical blocks: (10.7 GB/10.0 GiB)
[   23.524567] sd 2:0:0:0: Attached scsi generic sg0 type 0
[   23.530282] sd 2:0:0:0: [sda] Write Protect is off
[   23.535861] sd 2:0:1:0: Attached scsi generic sg1 type 0
[   23.565836] sd 2:0:1:0: [sdb] 20480 512-byte logical blocks: (10.5 MB/10.0 MiB)
[   23.565849] sd 2:0:0:0: [sda] Incomplete mode parameter data
[   23.565851] sd 2:0:0:0: [sda] Assuming drive cache: write through
[   23.625026]  sda: sda1
[   23.626434] sd 2:0:0:0: [sda] Attached SCSI disk
[   23.686334] sd 2:0:1:0: [sdb] Write Protect is off
[   23.692650] sd 2:0:1:0: [sdb] Incomplete mode parameter data
[   23.734879] sd 2:0:1:0: [sdb] Assuming drive cache: write through
[   23.758857] sd 2:0:1:0: [sdb] Attached SCSI disk
Begin: Loading e[   25.387942] md: linear personality registered for level -1
ssential drivers[   25.434540] md: multipath personality registered for level -4
 ... [   25.489068] md: raid0 personality registered for level 0
[   25.515460] md: raid1 personality registered for level 1
[   25.615426] raid6: sse2x1   gen()  6094 MB/s
[   25.703124] raid6: sse2x1   xor()  5308 MB/s
[   25.771380] raid6: sse2x2   gen()  8395 MB/s
[   25.901085] raid6: sse2x2   xor()  6476 MB/s
[   25.979671] raid6: sse2x4   gen()  9576 MB/s
[   26.087317] raid6: sse2x4   xor()  7181 MB/s
[   26.112148] raid6: using algorithm sse2x4 gen() 9576 MB/s
[   26.146899] raid6: .... xor() 7181 MB/s, rmw enabled
[   26.188128] raid6: using ssse3x2 recovery algorithm
[   26.206553] xor: automatically using best checksumming function:
[   26.284133]    avx       : 16030.000 MB/sec
[   26.297489] async_tx: api initialized (async)
[   26.343741] md: raid6 personality registered for level 6
[   26.369879] md: raid5 personality registered for level 5
[   26.377346] md: raid4 personality registered for level 4
[   26.435300] md: raid10 personality registered for level 10
done.
Begin: Running /scripts/init-premount ... done.
Begin: Mounting root file system ... Begin: Running /scripts/local-top ... done.
Begin: Running /scripts/local-premount ... [   26.592210] Btrfs loaded
Scanning for Btrfs filesystems
done.
Warning: fsck not present, so sk[   26.640116] EXT4-fs (sda1): mounted filesystem with ordered data mode. Opts: (null)
ipping root file system
done.
Begin: Running /scripts/local-bottom ... done.
Begin: Running /scripts/init-bottom ... done.
[   26.790044] systemd[1]: systemd 229 running in system mode. (+PAM +AUDIT +SELINUX +IMA +APPARMOR +SMACK +SYSVINIT +UTMP +LIBCRYPTSETUP +GCRYPT +GNUTLS +ACL +XZ -LZ4 +SECCOMP +BLKID +ELFUTILS +KMOD -IDN)
[   26.865024] systemd[1]: Detected virtualization oracle.
[   26.880503] systemd[1]: Detected architecture x86-64.

Welcome to [1mUbuntu 16.04.5 LTS[0m!

[  29255] ysemd[1]: Set hostname to <ubuntu>.
[   27.157206] systemd[1]: Initializing machine ID from random generator.
[   27.168585] systemd[1]: Installed transient /etc/machine-id file.
[ 274715] sstd[: isteningonVMpo dmon sockett.
[[0;32m  OK  [0m] Listening on LVM2 poll daemon socket.
[ 287577syem1] Listening o Jrn Sket(/evlo). [[0;32m  OK  [0m] Listening on Journal Socket (/dev/log).
[ 29484]syted[]:isening on udev Control Socket.
[[0;32m  OK  [0m] Listening on udev Control Socket.
[   29.890107] systemd[1]: Listening on Device-mapper event daemon FIFOs.
[[0;32m  OK  [0m] Listening on Device-mapper event daemon FIFOs.
[   9.92249 sstmd1]: isni oJonal Audit Socket.
[[0;32m  OK  [0m] Listening on Journal Audit Socket.
[ 30739]ysmd]: Ceated slice System Slce

[[0;32m  OK  [0m] Created slice System Slice.
[ 3099828] systemd[1] Crat sceysem-seril\2dttslce
[[0;32m  OK  [0m] Created slice system-serial\x2dgetty.slice.
[ 310446] syted[: Lstnig n /dev/initctl Compatibility Named Pipe.
[[0;32m  OK  [0m] Listening on /dev/initctl Compatibility Named Pipe.
[   32.726] systemd[1]: Started Forward Password Requests o all Diecor Wtch
[[0;32m  OK  [0m] Started Forward Password Requests to Wall Directory Watch.
[ 32.63617] stmd[1]: Listein oJorn Sckt.

[[0;32m  OK  [0m] Listening on Journal Socket.
[   33.239449] systemd[1]: Mounting Debug File System...
         Mounting Debug File System...
[   33.304805] systemd[1]: Mounting POSIX Message Queue File System...
         Mounting POSIX Message Queue File System...
[   33.375580] systemd[1]: Starting Nameserver information manager...
         Starting Nameserver information manager...
[   33.403162] systemd[1]: Reached target System Time Synchronized.
[[0;32m  OK  [0m] Reached target System Time Synchronized.
[   33.460171] systemd[1]: Created slice User and Session Slice.
[[0;32m  OK  [0m] Created slice User and Session Slice.
[ 33.524072] systemd[1]:Rehe trg Erypted Volues

[[0;32m  OK  [0m] Reached target Encrypted Volumes.
[  3.0851] ranom: noblki pl is iitlid

[   34.632827] systemd[1]: Starting Load Kernel Modules...
         Starting Load Ke[   34.738287] Loading iSCSI transport class v2.0-870.
rnel Modules...[   34.804843] iscsi: registered transport (tcp)

[   34.855134] systemd[1]: Set up automount Arbitrary Executable File Formats File System Automount Point.
[[0;32m  OK  [0m] Set up automount Arbitrary Executab...ats File System Automount Point.
[   34.953658] iscsi: registered transport (iser)
[   34.994148] systemd[1]: Listening on LVM2 metadata daemon socket.
[[0;32m  OK  [0m] Listening on LVM2 metadata daemon socket.
[   35.048080] systemd[1]: Starting Monitoring of LVM2 mirrors, snapshots etc. using dmeventd or progress polling...
         Starting Monitoring of LVM2 mirrors... dmeventd or progress polling...
[   35.175891] systemd[1]: Starting Set console keymap...
         Starting Set console keymap...
[   35.275639] systemd[1]: Reached target User and Group Name Lookups.
[[0;32m  OK  [0m] Reached target User and Group Name Lookups.
[   35.376432] systemd[1]: Starting Create list of required static device nodes for the current kernel...
         Starting Create list of required st... nodes for the current kernel...
[   35.544009] systemd[1]: Starting Remount Root and Kernel File Systems...
         [   35.578541] EXT4-fs (sda1): re-mounted. Opts: (null)
Starting Remount Root and Kernel File Systems...
[   35.655915] systemd[1]: Started Trigger resolvconf update for networkd DNS.
[[0;32m  OK  [0m] Started Trigger resolvconf update for networkd DNS.
[   35.696040] systemd[1]: Mounting Huge Pages File System...
         Mounting Huge Pages File System...
[   35.741958] systemd[1]: Reached target Slices.
[[0;32m  OK  [0m] Reached target Slices.
[   35.800077] systemd[1]: Listening on Syslog Socket.
[[0;32m  OK  [0m] Listening on Syslog Socket.
[   35.884068] systemd[1]: Starting Journal Service...
         Starting Journal Service...
[   35.936343] systemd[1]: Listening on udev Kernel Socket.
[[0;32m  OK  [0m] Listening on udev Kernel Socket.
[   35.979849] systemd[1]: Starting Uncomplicated firewall...
         Starting Uncomplicated firewall...
[   36.028105] systemd[1]: Reached target Swap.
[[0;32m  OK  [0m] Reached target Swap.
[   36.072980] systemd[1]: Mounted Huge Pages File System.
[[0;32m  OK  [0m] Mounted Huge Pages File System.
[   36.144277] systemd[1]: Mounted POSIX Message Queue File System.
[[0;32m  OK  [0m] Mounted POSIX Message Queue File System.
[   36.185966] systemd[1]: Mounted Debug File System.
[[0;32m  OK  [0m] Mounted Debug File System.
[   36.208979] systemd[1]: Started Journal Service.
[[0;32m  OK  [0m] Started Journal Service.
[[0;32m  OK  [0m] Started Load Kernel Modules.
[[0;32m  OK  [0m] Started Set console keymap.
[[0;32m  OK  [0m] Started Create list of required sta...ce nodes for the current kernel.
[[0;32m  OK  [0m] Started Remount Root and Kernel File Systems.
[[0;32m  OK  [0m] Started Uncomplicated firewall.
[[0;32m  OK  [0m] Started Nameserver information manager.
[[0;32m  OK  [0m] Started LVM2 metadata daemon.
         Starting Load/Save Random Seed...
         Starting udev Coldplug all Devices...
         Starting Create Static Device Nodes in /dev...
         Mounting FUSE Control File System...
         Starting Apply Kernel Variables...
         Starting Flush Journal to Persistent Storage...
[[0;32m  OK  [0m] Mounted FUSE Control File System.
[[0;32m  OK  [0m] Started Load/Save Random Seed.
[[0;32m  OK  [0m] Started Create Static Device Nodes in /dev.
[[0;32m  OK  [0m] Started Monitoring of LVM2 mirrors,...ng dmeventd or progress polling.
[[0;32m  OK  [0m] Started Apply Kernel Variables.
[[0;32m  OK  [0m] Started udev Coldplug all Devices.
[[0;32m  OK  [0m] Started Flush Journal to Persistent Storage.
         Starting udev Kernel Device Manager...
[[0;32m  OK  [0m] Reached target Local File Systems (Pre).
[[0;32m  OK  [0m] Reached target Local File Systems.
         Starting Set console font and keymap...
         Starting Commit a transient machine-id on disk...
         Starting Initial cloud-init job (pre-networking)...
         Starting Create Volatile Files and Directories...
         Starting LSB: AppArmor initialization...
         Starting Tell Plymouth To Write Out Runtime Data...
[[0;32m  OK  [0m] Started udev Kernel Device Manager.
[[0;32m  OK  [0m] Started Commit a transient machine-id on disk.
[[0;32m  OK  [0m] Started Create Volatile Files and Directories.
[[0;32m  OK  [0m] Started Tell Plymouth To Write Out Runtime Data.
         Starting Update UTMP about System Boot/Shutdown...
[[0;32m  OK  [0m] Started Dispatch Password Requests to Console Directory Watch.
[[0;32m  OK  [0m] Started Update UTMP about System Boot/Shutdown.
[[0;32m  OK  [0m] Found device /dev/ttyS0.
[[0;32m  OK  [0m] Listening on Load/Save RF Kill Switch Status /dev/rfkill Watch.
[[0;32m  OK  [0m] Started Set console font and keymap.
[[0;32m  OK  [0m] Created slice system-getty.slice.
[   25.701532] cloud-init[484]: Cloud-init v. 18.4-0ubuntu1~16.04.2 running 'init-local' at Fri, 19 Apr 2019 13:51:23 +0000. Up 24.99 seconds.
[[0;32m  OK  [0m] Started Initial cloud-init job (pre-networking).
[[0;32m  OK  [0m] Reached target Network (Pre).
[[0;32m  OK  [0m] Started LSB: AppArmor initialization.
         Starting Raise network interfaces...
[[0;32m  OK  [0m] Started Raise network interfaces.
[[0;32m  OK  [0m] Reached target Network.
         Starting Initial cloud-init job (metadata service crawler)...
[   27.903918] cloud-init[930]: Cloud-init v. 18.4-0ubuntu1~16.04.2 running 'init' at Fri, 19 Apr 2019 13:51:26 +0000. Up 27.11 seconds.
[   28.009451] cloud-init[930]: ci-info: +++++++++++++++++++++++++++++++++++++Net device info++++++++++++++++++++++++++++++++++++++
[[   28.010294] cloud-init[930]: ci-info: +--------+------+---------------------------+---------------+--------+-------------------+
[0;32m  OK  [0m] Started Initial cloud-init job (metadata service crawler).
[   28.011021] cloud-init[930]: ci-info: | Device |  Up  |          Address          |      Mask     | Scope  |     Hw-Address    |
[   28.300770] cloud-init[930]: ci-info: +--------+------+---------------------------+---------------+--------+-------------------+
[[   28.301478] cloud-init[930]: ci-info: | enp0s3 | True |         10.0.2.15         | 255.255.255.0 | global | 02:82:01:2e:28:d8 |
[0;32m  OK  [0m] Reached target System Initialization.
[   28.302246] cloud-init[930]: ci-info: | enp0s3 | True | fe80::82:1ff:fe2e:28d8/64 |       .       |  link  | 02:82:01:2e:28:d8 |
[[0;32m  OK  [0m] Listening on D-Bus System Message Bus Socket.
[   28.375056] cloud-init[930]: ci-info: |   lo   | True |         127.0.0.1         |   255.0.0.0   |  host  |         .         |
[   28.529605] cloud-init[930]: ci-info: |   lo   | True |          ::1/128          |       .       |  host  |         .         |
[[   28.530803] cloud-init[930]: ci-info: +--------+------+---------------------------+---------------+--------+-------------------+
[0;32m  OK  [0m] Started ACPI Events Check.
[[   28.531801] cloud-init[930]: ci-info: +++++++++++++++++++++++++++Route IPv4 info++++++++++++++++++++++++++++
[0;32m  OK  [0m[   28.713886] cloud-init[930]: ci-info: +-------+-------------+----------+---------------+-----------+-------+
] Reached target Paths.
         Starting LXD - unix socket.
[[0;32m  OK  [0m] Started Daily Cleanup of Temporary Directories.
[   28.714311] cloud-init[930]: ci-info: | Route | Destination | Gateway  |    Genmask    | Interface | Flags |
[[0;32m  OK  [0m] Started Daily apt download activities.
[   29.062651] cloud-init[930]: ci-info: +-------+-------------+----------+---------------+-----------+-------+
[   29.107327] cloud-init[930]: ci-info: |   0   |   0.0.0.0   | 10.0.2.2 |    0.0.0.0    |   enp0s3  |   UG  |
[[   29.108230] cloud-init[930]: ci-info: |   1   |   10.0.2.0  | 0.0.0.0  | 255.255.255.0 |   enp0s3  |   U   |
[0;32m  OK  [0m] Started Daily apt upgrade and clean activities.
[   29.204991] cloud-init[930]: ci-info: +-------+-------------+----------+---------------+-----------+-------+
[[   29.205905] cloud-init[930]: ci-info: +++++++++++++++++++Route IPv6 info+++++++++++++++++++
[0;32m  OK  [0m] Reached target Timers.
[   29.207066] cloud-init[930]: ci-info: +-------+-------------+---------+-----------+-------+
[   29.392820] cloud-init[930]: ci-info: | Route | Destination | Gateway | Interface | Flags |
         [   29.394012] cloud-init[930]: ci-info: +-------+-------------+---------+-----------+-------+
Starting Socket activation for snappy daemon.
[   29.394664] cloud-init[930]: ci-info: |   0   |  fe80::/64  |    ::   |   enp0s3  |   U   |
[[   29.511809] cloud-init[930]: ci-info: |   3   |   ff00::/8  |    ::   |   enp0s3  |   U   |
[0;32m  OK  [0m] Listening on ACPID Listen Socket.
[   29.513109] [[0;32m  OK  [0m] Listening on UUID daemon activation socket.
cloud-init[930]: ci-info: +-------+-------------+---------+-----------+-------+
[   29.626847] cloud-init[930]: Generating public/private rsa key pair.
[[   29.627629] cloud-init[930]: Your identification has been saved in /etc/ssh/ssh_host_rsa_key.
[0;32m  OK  [0m] Reached target Network is Online.
[   29.628574] cloud-init[930]: Your public key has been saved in /etc/ssh/ssh_host_rsa_key.pub.
[   29.827985] cloud-init[930]: The key fingerprint is:
         [   29.829186] cloud-init[930]: SHA256:Bzv8Qpx008dxdsSj1F8JCaVAC3wg80gSVTHnLUyef3I root@ubuntu-xenial
Starting iSCSI initiator daemon (iscsid)...[   29.829926] cloud-init[930]: The key's randomart image is:

[   29.833674] cloud-init[930]: +---[RSA 2048]----+
[   29.836341] cloud-init[930]: |   oo=o*+= .oo=o*|
[[0;32m  OK  [0m] Reached target Cloud-config availability.
[   29.967141] cloud-init[930]: |    o =.O.=..+ B+|
[   30.008775] cloud-init[930]: |     . .+Booo + +|
[[0;32m  OK  [0m] Listening on LXD - unix socket.
[   30.010505] cloud-init[930]: |       + =o. o  .|
[   30.015433] cloud-init[930]: |        S .o E   |
[[0;32m  OK  [0m] Listening on Socket activation for snappy daemon.
[   30.249544] cloud-init[930]: |       . +  +    |
[[0;32m  OK  [0m] Started iSCSI initiator daemon (iscsid).
[   30.380230] cloud-init[930]: |        . .      |
[   30.418786] cloud-init[930]: |         .       |
[   30.433972]          cloud-init[930]: |                 |
Starting Login to default iSCSI targets...[   30.442466] cloud-init[930]: +----[SHA256]-----+

[   30.444334] cloud-init[930]: Generating public/private dsa key pair.
[   30.597404] cloud-init[930]: Your identification has been saved in /etc/ssh/ssh_host_dsa_key.
[[   30.599052] cloud-init[930]: Your public key has been saved in /etc/ssh/ssh_host_dsa_key.pub.
[0;32m  OK  [0m] Reached target Sockets.
[   30.599914] cloud-init[930]: The key fingerprint is:
[[0;32m  OK  [0m] Reached target Basic System.
[   30.708467] cloud-init[930]: SHA256:CAc6uvqhso9AvSKKJb8Mv8zOW7GAVcsaimU3IG2hi14 root@ubuntu-xenial
[   30.776702] cloud-init[930]: The key's randomart image is:
[[0;32m  OK  [0m[   30.800753] cloud-init[930]: +---[DSA 1024]----+
[   30.801252] cloud-init[930]: |..o.o            |
[   30.802601] cloud-init[930]: | oo= o           |
[   30.802715] cloud-init[930]: |..B * .          |
[   30.802803] cloud-init[930]: |oO.= + .         |
[   30.802887] cloud-init[930]: |B.oE. . S        |
[   30.802994] cloud-init[930]: |o....o           |
[   30.803196] cloud-init[930]: |*oo.o            |
[   30.803298] cloud-init[930]: |B&.o             |
[   30.803386] cloud-init[930]: |O=#+             |
[   30.803473] cloud-init[930]: +----[SHA256]-----+
[   30.803556] cloud-init[930]: Generating public/private ecdsa key pair.
[   30.803641] cloud-init[930]: Your identification has been saved in /etc/ssh/ssh_host_ecdsa_key.
[   30.803726] cloud-init[930]: Your public key has been saved in /etc/ssh/ssh_host_ecdsa_key.pub.
[   30.803810] cloud-init[930]: The key fingerprint is:
[   30.803895] cloud-init[930]: SHA256:KqS9BmEJ6RepmpiesAdf/b6feFSsUPg7KEgqebuxd8E root@ubuntu-xenial
[   30.803992] cloud-init[930]: The key's randomart image is:
[   30.804079] cloud-init[930]: +---[ECDSA 256]---+
] Started Regular background program processing daemon.
[   30.804380] cloud-init[930]: | .  .    .       |
[[0;32m  OK  [0m[   31.308505] cloud-init[930]: |o  o    . .      |
[   31.308750] cloud-init[930]: |.....    o .     |
[   31.308917] cloud-init[930]: | o+..   . . o    |
[   31.309358] cloud-init[930]: |o=.+.+  So +     |
[   31.309517] cloud-init[930]: |X ++o E.. =      |
[   31.309817] cloud-init[930]: |o*++o .+ . .     |
[   31.309955] cloud-init[930]: |.o+ooo. ....     |
[   31.311590] cloud-init[930]: | .o+.. .++o      |
[   31.312176] cloud-init[930]: +----[SHA256]-----+
[   31.312332] cloud-init[930]: Generating public/private ed25519 key pair.
[   31.312514] cloud-init[930]: Your identification has been saved in /etc/ssh/ssh_host_ed25519_key.
[   31.312665] cloud-init[930]: Your public key has been saved in /etc/ssh/ssh_host_ed25519_key.pub.
[   31.312787] cloud-init[930]: The key fingerprint is:
[   31.312906] cloud-init[930]: SHA256:Re7oCR344QV1XskvRMwllPfAhzZl/fCw0zqbDzRPYqM root@ubuntu-xenial
[   31.313042] cloud-init[930]: The key's randomart image is:
[   31.313184] cloud-init[930]: +--[ED25519 256]--+
[   31.313307] cloud-init[930]: |        ..o .B=*=|
[   31.313425] cloud-init[930]: |       . + o ./o+|
[   31.313559] cloud-init[930]: |      . o + .o %o|
[   31.313684] cloud-init[930]: |       + B    + *|
[   31.313799] cloud-init[930]: |      . S .   *+.|
[   31.314017] cloud-init[930]: |       o .   +o* |
[   31.314163] cloud-init[930]: |        o   E .+.|
[   31.314299] cloud-init[930]: |              o. |
] Started FUSE filesystem for LXC.
[   31.315285] cloud-init[930]: |               ..|
         Starting /etc/rc.local Compatibility...
[   31.880419] [[0;32m  OK  [0m] Started Deferred execution scheduler.
cloud-init[930]: +----[SHA256]-----+
         Starting Pollinate to seed the pseudo random number generator...
[[0;32m  OK  [0m] Started D-Bus System Message Bus.
[[0;32m  OK  [0m] Started Unattended Upgrades Shutdown.
         Starting System Logging Service...
         Starting Accounts Service...
         Starting Snappy daemon...
         Starting LSB: MD monitoring daemon...
         Starting Login Service...
[[0;32m  OK  [0m] Started ACPI event daemon.
         Starting LSB: Record successful boot for GRUB...
         Starting Virtualbox guest utils...
         Starting LXD - container startup/shutdown...
[[0;32m  OK  [0m] Started System Logging Service.
[[0;32m  OK  [0m] Started /etc/rc.local Compatibility.
[[0;32m  OK  [0m] Started LXD - container startup/shutdown.
[[0;32m  OK  [0m] Started Snappy daemon.
[[0;32m  OK  [0m] Started Login to default iSCSI targets.
[[0;32m  OK  [0m] Started LSB: Record successful boot for GRUB.
[[0;32m  OK  [0m] Started Login Service.
         Starting Authenticate and Authorize Users to Run Privileged Tasks...
[[0;32m  OK  [0m] Reached target Remote File Systems (Pre).
[[0;32m  OK  [0m] Reached target Remote File Systems.
         Starting LSB: Set the CPU Frequency Scaling governor to "ondemand"...
         Starting LSB: automatic crash report generation...
         Starting Permit User Sessions...
         Starting LSB: daemon to balance interrupts for SMP systems...
         Starting Wait until snapd is fully seeded...
[[0;32m  OK  [0m] Started LSB: MD monitoring daemon.
[[0;32m  OK  [0m] Started Virtualbox guest utils.
[[0;32m  OK  [0m] Started Permit User Sessions.
[[0;32m  OK  [0m] Started Authenticate and Authorize Users to Run Privileged Tasks.
[[0;32m  OK  [0m] Started Accounts Service.
[[0;32m  OK  [0m] Started LSB: Set the CPU Frequency Scaling governor to "ondemand".
         Starting Hold until boot process finishes up...
         Starting Terminate Plymouth Boot Screen...
[[0;32m  OK  [0m] Started LSB: automatic crash report generation.
[[0;32m  OK  [0m] Started LSB: daemon to balance interrupts for SMP systems.
[[0;32m  OK  [0m] Started Hold until boot process finishes up.
[[0;32m  OK  [0m] Started Terminate Plymouth Boot Screen.
[[0;32m  OK  [0m] Started Serial Getty on ttyS0.
[[0;32m  OK  [0m] Started Getty on tty1.
[[0;32m  OK  [0m] Reached target Login Prompts.
         Starting Set console scheme...
[[0;32m  OK  [0m] Started Set console scheme.
[[0;32m  OK  [0m] Started Pollinate to seed the pseudo random number generator.
         Starting OpenBSD Secure Shell server...
[[0;32m  OK  [0m] Started OpenBSD Secure Shell server.
[[0;32m  OK  [0m] Created slice User Slice of vagrant.
         Starting User Manager for UID 1000...
[[0;32m  OK  [0m] Started Session 1 of user vagrant.
[[0;32m  OK  [0m] Started User Manager for UID 1000.
         Stopping User Manager for UID 1000...
[[0;32m  OK  [0m] Stopped User Manager for UID 1000.
[[0;32m  OK  [0m] Removed slice User Slice of vagrant.
[[0;32m  OK  [0m] Created slice User Slice of vagrant.
         Starting User Manager for UID 1000...
[[0;32m  OK  [0m] Started User Manager for UID 1000.
[[0;32m  OK  [0m] Started Session 2 of user vagrant.

Ubuntu 16.04.5 LTS ubuntu-xenial ttyS0

ubuntu-xenial login: [   41.174371] cloud-init[1679]: Generating locales (this might take a while)...
[   42.630791] cloud-init[1679]:   en_US.UTF-8... done
[   42.633421] cloud-init[1679]: Generation complete.
[   43.464625] cloud-init[1679]: Cloud-init v. 18.4-0ubuntu1~16.04.2 running 'modules:config' at Fri, 19 Apr 2019 13:51:39 +0000. Up 40.97 seconds.
ci-info: no authorized ssh keys fingerprints found for user ubuntu.
<14>Apr 19 13:51:43 ec2: 
<14>Apr 19 13:51:43 ec2: #############################################################
<14>Apr 19 13:51:43 ec2: -----BEGIN SSH HOST KEY FINGERPRINTS-----
<14>Apr 19 13:51:43 ec2: 1024 SHA256:CAc6uvqhso9AvSKKJb8Mv8zOW7GAVcsaimU3IG2hi14 root@ubuntu-xenial (DSA)
<14>Apr 19 13:51:43 ec2: 256 SHA256:KqS9BmEJ6RepmpiesAdf/b6feFSsUPg7KEgqebuxd8E root@ubuntu-xenial (ECDSA)
<14>Apr 19 13:51:43 ec2: 256 SHA256:Re7oCR344QV1XskvRMwllPfAhzZl/fCw0zqbDzRPYqM root@ubuntu-xenial (ED25519)
<14>Apr 19 13:51:43 ec2: 2048 SHA256:Bzv8Qpx008dxdsSj1F8JCaVAC3wg80gSVTHnLUyef3I root@ubuntu-xenial (RSA)
<14>Apr 19 13:51:43 ec2: -----END SSH HOST KEY FINGERPRINTS-----
<14>Apr 19 13:51:43 ec2: #############################################################
-----BEGIN SSH HOST KEY KEYS-----
ecdsa-sha2-nistp256 AAAAE2VjZHNhLXNoYTItbmlzdHAyNTYAAAAIbmlzdHAyNTYAAABBBH//yL9LMYdkZTy2WHZS5Jc9PZ29qGE0ZfO/QxRbISgJx/AlLfcCqzvhUy4m/AT8K4PR5bdWCTwyNPxthBq/41M= root@ubuntu-xenial
ssh-ed25519 AAAAC3NzaC1lZDI1NTE5AAAAIP+CXPp1ZdO8MonLgolTwE5QGLUNjL8cMY+6fjWRRPvt root@ubuntu-xenial
ssh-rsa AAAAB3NzaC1yc2EAAAADAQABAAABAQDCZYNEGja3Aj93P4hkdklMaYoFkeJvkToAtNG95PXYq3ePXQT3R2Z3+9LWzY6/pkkYpOlfBACzGFPXOB6+XMSdYRY32p1ocnN6fgBalwu9OjL5m3htZEtRK+fEtinNgWwWCuPvh3rr/4irOy68mq04qg4UpIhqr+h1wNFuTI7uyAW1zJsoatlwWlHQ4+BP824Gu58sat7Nn4WRTL/UKEHNmvYaa3ShjsiZELY27pqd4jAdriH3QFdEoAqxdCEjaLnvjGDfPXBjvRIzJEJtVfS3nt8cXIMZAhP4ffF+stKMfJgpLNGpqHYqwX/pb/NnZY1rpifD57eebdAuPG7PLw7T root@ubuntu-xenial
-----END SSH HOST KEY KEYS-----
[   44.525608] cloud-init[1808]: Cloud-init v. 18.4-0ubuntu1~16.04.2 running 'modules:final' at Fri, 19 Apr 2019 13:51:43 +0000. Up 44.33 seconds.
[   44.525936] cloud-init[1808]: ci-info: no authorized ssh keys fingerprints found for user ubuntu.
[   44.526172] cloud-init[1808]: Cloud-init v. 18.4-0ubuntu1~16.04.2 finished at Fri, 19 Apr 2019 13:51:43 +0000. Datasource DataSourceNoCloud [seed=/dev/sdb][dsmode=net].  Up 44.51 seconds
